2024-11-18 18:44:57,401 - INFO - 
             SCRIPT STARTED
             
2024-11-18 18:45:01,635 - INFO - Driver returned.
2024-11-18 18:45:02,985 - INFO - Clicked 'Accept All Cookies' button.
2024-11-18 18:45:07,508 - INFO - Login completed successfully.
2024-11-18 18:45:20,018 - INFO - Clicked the 'Export Data' button to start download.
2024-11-18 18:45:23,930 - INFO - Clicked the 'CSV' button to export the data as CSV.
2024-11-18 18:45:24,931 - INFO - Download complete, file ready for processing.
2024-11-18 18:45:24,970 - INFO - Filtered emails df created
2024-11-18 18:46:18,643 - INFO - 
             SCRIPT STARTED
             
2024-11-18 18:46:20,997 - INFO - Driver returned.
2024-11-18 18:46:23,082 - INFO - Clicked 'Accept All Cookies' button.
2024-11-18 18:46:27,688 - INFO - Login completed successfully.
2024-11-18 18:46:39,098 - INFO - Clicked the 'Export Data' button to start download.
2024-11-18 18:46:47,448 - INFO - Clicked the 'CSV' button to export the data as CSV.
2024-11-18 18:46:48,448 - INFO - Download complete, file ready for processing.
2024-11-18 18:46:48,497 - INFO - Filtered emails df created
2024-11-18 18:47:12,751 - WARNING - Timeout during search for email: maricor.sevilla@schneider-electric.com
2024-11-18 18:47:23,160 - ERROR - Unable to retrieve the license key.
2024-11-18 18:47:23,160 - ERROR - No license key found for email: maricor.sevilla@schneider-electric.com
2024-11-18 18:47:46,513 - WARNING - Timeout during search for email: andreas.zueger@se.com
2024-11-18 18:47:56,813 - ERROR - Unable to retrieve the license key.
2024-11-18 18:47:56,813 - ERROR - No license key found for email: andreas.zueger@se.com
2024-11-18 18:48:07,562 - INFO - Searching for email: luiza.costa@se.com
2024-11-18 18:48:10,570 - INFO - Found luiza.costa@se.com, extracting license key...
2024-11-18 18:48:10,748 - INFO - Key name clicked.
2024-11-18 18:48:20,014 - INFO - License key extracted: TCC2-0CD3-60D0-4E89-3ACA
2024-11-18 18:48:38,424 - INFO - Searching for email: roger.woodson@se.com
2024-11-18 18:48:41,427 - INFO - Found roger.woodson@se.com, extracting license key...
2024-11-18 18:48:41,677 - INFO - Key name clicked.
