2024-11-19 10:15:29,187 - INFO - 
             SCRIPT STARTED
             
2024-11-19 10:15:35,377 - INFO - Driver returned.
2024-11-19 10:15:36,593 - INFO - Clicked 'Accept All Cookies' button.
2024-11-19 10:15:41,208 - INFO - Login completed successfully.
2024-11-19 10:15:49,586 - INFO - Clicked the 'Export Data' button to start download.
2024-11-19 10:15:52,110 - INFO - Clicked the 'CSV' button to export the data as CSV.
2024-11-19 10:15:53,112 - INFO - Download complete, file ready for processing.
2024-11-19 10:15:53,177 - INFO - Filtered emails df created
2024-11-19 10:16:02,083 - INFO - Searching for email: satishkumar.chenduluru@non.se.com
2024-11-19 10:16:05,085 - INFO - Found satishkumar.chenduluru@non.se.com, extracting license key...
2024-11-19 10:16:05,279 - INFO - Key name clicked.
2024-11-19 10:16:15,335 - INFO - License key extracted: TCPF-9A5C-8930-0F0B-4476
2024-11-19 10:16:20,537 - INFO - 'Unassign Key' button clicked.
2024-11-19 10:16:22,538 - INFO - License unassigned and logged in CSV for email: satishkumar.chenduluru@non.se.com
2024-11-19 10:17:00,192 - INFO - Searching for email: tarunrajeevreddy.panakanapalle@non.se.com
2024-11-19 10:17:03,193 - INFO - Found tarunrajeevreddy.panakanapalle@non.se.com, extracting license key...
2024-11-19 10:17:03,552 - INFO - Key name clicked.
2024-11-19 10:17:11,872 - INFO - License key extracted: TCAB-E6E1-A540-7B24-4B18
2024-11-19 10:17:17,078 - INFO - 'Unassign Key' button clicked.
2024-11-19 10:17:19,080 - INFO - License unassigned and logged in CSV for email: tarunrajeevreddy.panakanapalle@non.se.com
2024-11-19 10:17:21,452 - INFO - Process completed.
