2024-11-18 10:13:34,670 - ERROR - Error in driver returning
2024-11-18 10:13:46,746 - INFO - Driver returned.
2024-11-18 10:13:47,979 - INFO - Clicked 'Accept All Cookies' button.
2024-11-18 10:13:52,654 - INFO - Login completed successfully.
2024-11-18 10:14:00,106 - INFO - Clicked the 'Export Data' button to start download.
2024-11-18 10:14:03,209 - INFO - Clicked the 'CSV' button to export the data as CSV.
2024-11-18 10:14:04,210 - INFO - Download complete, file ready for processing.
2024-11-18 10:14:04,311 - INFO - Filtered emails df created
2024-11-18 10:14:11,813 - INFO - Searching for email: jianjun.zhang@se.com
2024-11-18 10:14:14,814 - INFO - Found jianjun.zhang@se.com, extracting license key...
2024-11-18 10:14:15,046 - INFO - Key name clicked.
2024-11-18 10:14:25,083 - INFO - License key extracted: TCZT-1CA1-FAF0-933A-4750
2024-11-18 10:14:25,350 - INFO - 'Unassign Key' button clicked.
2024-11-18 10:14:27,352 - INFO - License unassigned and logged in CSV for email: jianjun.zhang@se.com
2024-11-18 10:15:42,070 - WARNING - Timeout during search for email: baptiste.rivet@se.com
2024-11-18 10:15:52,318 - ERROR - Unable to retrieve the license key.
2024-11-18 10:15:52,318 - ERROR - No license key found for email: baptiste.rivet@se.com
2024-11-18 10:15:54,690 - INFO - Process completed.
2024-11-18 10:20:24,594 - INFO - Driver returned.
2024-11-18 10:20:26,717 - INFO - Clicked 'Accept All Cookies' button.
2024-11-18 10:20:31,342 - INFO - Login completed successfully.
2024-11-18 10:20:40,835 - INFO - Clicked the 'Export Data' button to start download.
2024-11-18 10:20:43,786 - INFO - Clicked the 'CSV' button to export the data as CSV.
2024-11-18 10:20:44,788 - INFO - Download complete, file ready for processing.
2024-11-18 10:20:44,825 - INFO - Filtered emails df created
2024-11-18 10:20:52,254 - INFO - Searching for email: luiza.costa@se.com
2024-11-18 10:20:55,256 - INFO - Found luiza.costa@se.com, extracting license key...
2024-11-18 10:20:55,485 - INFO - Key name clicked.
2024-11-18 10:21:06,332 - INFO - License key extracted: TCC2-0CD3-60D0-4E89-3ACA
2024-11-18 10:21:11,640 - INFO - 'Unassign Key' button clicked.
2024-11-18 10:21:13,641 - INFO - License unassigned and logged in CSV for email: luiza.costa@se.com
2024-11-18 10:22:01,185 - WARNING - Timeout during search for email: pawel.rybinski@se.com
2024-11-18 10:22:11,492 - ERROR - Unable to retrieve the license key.
2024-11-18 10:22:11,493 - ERROR - No license key found for email: pawel.rybinski@se.com
2024-11-18 10:22:13,874 - INFO - Process completed.
2024-11-18 10:27:40,589 - INFO - Driver returned.
2024-11-18 10:27:42,790 - INFO - Clicked 'Accept All Cookies' button.
2024-11-18 10:27:48,088 - INFO - Login completed successfully.
2024-11-18 10:27:55,873 - INFO - Clicked the 'Export Data' button to start download.
2024-11-18 10:27:59,465 - INFO - Clicked the 'CSV' button to export the data as CSV.
2024-11-18 10:28:00,466 - INFO - Download complete, file ready for processing.
2024-11-18 10:28:00,503 - INFO - Filtered emails df created
2024-11-18 10:28:10,503 - INFO - Searching for email: maricor.sevilla@schneider-electric.com
2024-11-18 10:28:13,504 - INFO - Found maricor.sevilla@schneider-electric.com, extracting license key...
2024-11-18 10:28:13,822 - INFO - Key name clicked.
2024-11-18 10:28:25,062 - INFO - License key extracted: TD5M-A0E5-5510-FB82-3E92
2024-11-18 10:28:30,408 - INFO - 'Unassign Key' button clicked.
2024-11-18 10:28:32,413 - INFO - License unassigned and logged in CSV for email: maricor.sevilla@schneider-electric.com
2024-11-18 10:29:13,744 - INFO - Searching for email: roger.woodson@se.com
2024-11-18 10:29:16,745 - INFO - Found roger.woodson@se.com, extracting license key...
2024-11-18 10:29:17,228 - INFO - Key name clicked.
2024-11-18 10:29:24,583 - INFO - License key extracted: TCFX-F8FA-D730-0A82-7E98
2024-11-18 10:29:29,829 - INFO - 'Unassign Key' button clicked.
2024-11-18 10:29:31,831 - INFO - License unassigned and logged in CSV for email: roger.woodson@se.com
2024-11-18 10:29:34,331 - INFO - Process completed.
2024-11-18 17:31:34,268 - INFO - "
             SCRIPT STARTED
             
2024-11-18 17:31:39,505 - INFO - Driver returned.
2024-11-18 17:31:40,775 - INFO - Clicked 'Accept All Cookies' button.
2024-11-18 17:31:45,637 - INFO - Login completed successfully.
2024-11-18 17:31:54,461 - INFO - Clicked the 'Export Data' button to start download.
2024-11-18 17:31:56,933 - INFO - Clicked the 'CSV' button to export the data as CSV.
2024-11-18 17:31:57,970 - INFO - Download complete, file ready for processing.
2024-11-18 17:31:58,080 - INFO - Filtered emails df created
2024-11-18 17:32:07,903 - INFO - Searching for email: maricor.sevilla@schneider-electric.com
2024-11-18 17:32:10,908 - INFO - Found maricor.sevilla@schneider-electric.com, extracting license key...
2024-11-18 17:32:21,295 - ERROR - Unable to retrieve the license key.
2024-11-18 17:32:21,295 - ERROR - No license key found for email: maricor.sevilla@schneider-electric.com
2024-11-18 17:32:31,248 - INFO - Searching for email: roger.woodson@se.com
2024-11-18 17:32:34,254 - INFO - Found roger.woodson@se.com, extracting license key...
2024-11-18 17:32:34,524 - INFO - Key name clicked.
2024-11-18 17:32:43,655 - INFO - License key extracted: TCFX-F8FA-D730-0A82-7E98
2024-11-18 17:32:51,106 - INFO - Process completed.
